TN:
SF:dist\Services\LibraryService.js
FN:6,(anonymous_0)
FN:14,(anonymous_1)
FN:18,(anonymous_2)
FN:28,(anonymous_3)
FN:38,(anonymous_4)
FN:49,(anonymous_5)
FN:60,(anonymous_6)
FNF:7
FNH:5
FNDA:3,(anonymous_0)
FNDA:3,(anonymous_1)
FNDA:2,(anonymous_2)
FNDA:1,(anonymous_3)
FNDA:1,(anonymous_4)
FNDA:0,(anonymous_5)
FNDA:0,(anonymous_6)
DA:2,1
DA:3,1
DA:4,1
DA:7,3
DA:8,3
DA:9,3
DA:10,3
DA:11,3
DA:15,3
DA:19,2
DA:20,2
DA:21,2
DA:22,2
DA:23,2
DA:25,0
DA:29,1
DA:30,1
DA:31,1
DA:32,1
DA:33,1
DA:35,0
DA:39,1
DA:40,1
DA:41,1
DA:42,1
DA:43,1
DA:44,1
DA:46,0
DA:50,0
DA:51,0
DA:52,0
DA:53,0
DA:54,0
DA:55,0
DA:57,0
DA:61,0
DA:62,0
DA:63,0
DA:64,0
DA:65,0
DA:67,0
DA:70,1
LF:42
LH:26
BRDA:21,0,0,2
BRDA:21,0,1,0
BRDA:21,1,0,2
BRDA:21,1,1,2
BRDA:21,1,2,2
BRDA:31,2,0,1
BRDA:31,2,1,0
BRDA:31,3,0,1
BRDA:31,3,1,1
BRDA:41,4,0,1
BRDA:41,4,1,0
BRDA:41,5,0,1
BRDA:41,5,1,1
BRDA:41,5,2,1
BRDA:51,6,0,0
BRDA:51,6,1,0
BRDA:63,7,0,0
BRDA:63,7,1,0
BRDA:63,8,0,0
BRDA:63,8,1,0
BRF:20
BRH:11
end_of_record
TN:
SF:dist\entities\Book.js
FN:5,(anonymous_0)
FN:13,(anonymous_1)
FN:18,(anonymous_2)
FN:21,(anonymous_3)
FN:26,(anonymous_4)
FN:32,(anonymous_5)
FNF:6
FNH:6
FNDA:8,(anonymous_0)
FNDA:6,(anonymous_1)
FNDA:2,(anonymous_2)
FNDA:1,(anonymous_3)
FNDA:1,(anonymous_4)
FNDA:2,(anonymous_5)
DA:2,2
DA:3,2
DA:6,8
DA:7,8
DA:8,8
DA:9,8
DA:10,8
DA:11,8
DA:14,6
DA:15,5
DA:19,2
DA:22,1
DA:23,1
DA:27,1
DA:30,2
DA:32,2
DA:33,2
DA:34,2
DA:35,2
LF:19
LH:19
BRDA:14,0,0,5
BRDA:14,0,1,1
BRDA:22,1,0,1
BRDA:22,1,1,0
BRDA:36,2,0,2
BRDA:36,2,1,2
BRF:6
BRH:5
end_of_record
TN:
SF:dist\entities\Fine.js
FN:5,(anonymous_0)
FN:11,(anonymous_1)
FN:14,(anonymous_2)
FN:17,(anonymous_3)
FN:23,(anonymous_4)
FNF:5
FNH:1
FNDA:0,(anonymous_0)
FNDA:0,(anonymous_1)
FNDA:0,(anonymous_2)
FNDA:0,(anonymous_3)
FNDA:1,(anonymous_4)
DA:2,1
DA:3,1
DA:6,0
DA:7,0
DA:8,0
DA:9,0
DA:12,0
DA:15,0
DA:18,0
DA:21,1
DA:23,1
DA:24,1
DA:25,1
DA:26,1
LF:14
LH:7
BRDA:27,0,0,1
BRDA:27,0,1,1
BRF:2
BRH:2
end_of_record
TN:
SF:dist\entities\Reservation.js
FN:5,(anonymous_0)
FN:14,(anonymous_1)
FN:20,(anonymous_2)
FNF:3
FNH:2
FNDA:3,(anonymous_0)
FNDA:0,(anonymous_1)
FNDA:1,(anonymous_2)
DA:2,1
DA:3,1
DA:6,3
DA:7,3
DA:8,3
DA:9,3
DA:10,3
DA:11,3
DA:12,3
DA:15,0
DA:18,1
DA:20,1
DA:21,1
DA:22,1
DA:23,1
LF:15
LH:14
BRDA:24,0,0,1
BRDA:24,0,1,1
BRF:2
BRH:2
end_of_record
TN:
SF:dist\entities\Student.js
FN:6,(anonymous_0)
FN:13,(anonymous_1)
FN:19,(anonymous_2)
FN:20,(anonymous_3)
FN:26,(anonymous_4)
FN:29,(anonymous_5)
FNF:6
FNH:5
FNDA:3,(anonymous_0)
FNDA:2,(anonymous_1)
FNDA:1,(anonymous_2)
FNDA:1,(anonymous_3)
FNDA:0,(anonymous_4)
FNDA:1,(anonymous_5)
DA:2,1
DA:3,1
DA:4,1
DA:7,3
DA:8,3
DA:9,3
DA:10,3
DA:11,3
DA:14,2
DA:15,2
DA:16,2
DA:20,1
DA:21,1
DA:22,1
DA:23,1
DA:27,0
DA:30,1
DA:31,1
DA:32,1
DA:36,1
LF:20
LH:19
BRDA:14,0,0,2
BRDA:14,0,1,0
BRDA:21,1,0,1
BRDA:21,1,1,0
BRDA:30,2,0,1
BRDA:30,2,1,0
BRF:6
BRH:3
end_of_record
TN:
SF:dist\entities\StudyRoom.js
FN:5,(anonymous_0)
FN:11,(anonymous_1)
FN:16,(anonymous_2)
FN:19,(anonymous_3)
FN:25,(anonymous_4)
FNF:5
FNH:4
FNDA:3,(anonymous_0)
FNDA:2,(anonymous_1)
FNDA:0,(anonymous_2)
FNDA:1,(anonymous_3)
FNDA:1,(anonymous_4)
DA:2,1
DA:3,1
DA:6,3
DA:7,3
DA:8,3
DA:9,3
DA:12,2
DA:13,1
DA:17,0
DA:20,1
DA:23,1
DA:25,1
DA:26,1
DA:27,1
LF:14
LH:13
BRDA:12,0,0,1
BRDA:12,0,1,1
BRDA:28,1,0,1
BRDA:28,1,1,1
BRF:4
BRH:4
end_of_record
TN:
SF:src\entities\Book.js
FN:4,(anonymous_0)
FN:5,Book
FN:13,(anonymous_2)
FN:18,(anonymous_3)
FN:21,(anonymous_4)
FN:26,(anonymous_5)
FN:33,(anonymous_6)
FNF:7
FNH:7
FNDA:1,(anonymous_0)
FNDA:5,Book
FNDA:4,(anonymous_2)
FNDA:1,(anonymous_3)
FNDA:1,(anonymous_4)
FNDA:1,(anonymous_5)
FNDA:1,(anonymous_6)
DA:2,1
DA:3,1
DA:4,1
DA:6,5
DA:7,5
DA:8,5
DA:9,5
DA:10,5
DA:11,5
DA:13,1
DA:14,4
DA:15,3
DA:18,1
DA:19,1
DA:21,1
DA:22,1
DA:23,1
DA:26,1
DA:27,1
DA:29,1
DA:31,1
DA:33,1
DA:34,1
DA:35,1
DA:36,1
LF:25
LH:25
BRDA:14,0,0,3
BRDA:14,0,1,1
BRDA:22,1,0,1
BRDA:22,1,1,0
BRDA:37,2,0,1
BRDA:37,2,1,1
BRF:6
BRH:5
end_of_record
